<?xml version="1.0" encoding="UTF-8"?>
<!-- Generated by org.testng.reporters.JUnitReportReporter -->
<testsuite hostname="LAPTOP-8AB79GSA" name="mercuryTravels.MainClass" tests="1" failures="0" timestamp="3 Feb 2017 09:34:53 GMT" time="51.426" errors="0">
  <testcase name="logInTest" time="51.426" classname="mercuryTravels.MainClass"/>
</testsuite> <!-- mercuryTravels.MainClass -->
