<?xml version="1.0" encoding="UTF-8"?>
<!-- Generated by org.testng.reporters.JUnitReportReporter -->
<testsuite hostname="LAPTOP-8AB79GSA" name="testNG.Class1" tests="4" failures="0" timestamp="29 Jun 2016 17:32:09 GMT" time="0.014" errors="0">
  <testcase name="selectProduct" time="0.001" classname="testNG.Class1"/>
  <testcase name="payment" time="0.002" classname="testNG.Class1"/>
  <testcase name="advancedSearch" time="0.005" classname="testNG.Class1"/>
  <testcase name="search" time="0.006" classname="testNG.Class1"/>
</testsuite> <!-- testNG.Class1 -->
