<?xml version="1.0" encoding="UTF-8"?>
<!-- Generated by org.testng.reporters.JUnitReportReporter -->
<testsuite hostname="LAPTOP-8AB79GSA" name="com.mercuryTours.logIn.VerifyLogin" tests="1" failures="0" timestamp="1 Jul 2016 03:49:26 GMT" time="19.782" errors="0">
  <testcase name="logInVerification" time="19.782" classname="com.mercuryTours.logIn.VerifyLogin"/>
</testsuite> <!-- com.mercuryTours.logIn.VerifyLogin -->
