<?xml version="1.0" encoding="UTF-8"?>
<!-- Generated by org.testng.reporters.JUnitReportReporter -->
<testsuite hostname="LAPTOP-8AB79GSA" name="completeTestNGPractice.NewTest" tests="1" failures="0" timestamp="8 Sep 2016 12:24:19 GMT" time="0.016" errors="0">
  <testcase name="annotationTest" time="0.016" classname="completeTestNGPractice.NewTest"/>
</testsuite> <!-- completeTestNGPractice.NewTest -->
