<?xml version="1.0" encoding="UTF-8"?>
<!-- Generated by org.testng.reporters.JUnitReportReporter -->
<testsuite hostname="LAPTOP-8AB79GSA" name="com.keywordDriven.Practice.IDEToWebDriver" tests="2" failures="0" timestamp="11 Oct 2016 08:16:51 GMT" time="110.041" errors="0">
  <testcase name="logIN" time="96.990" classname="com.keywordDriven.Practice.IDEToWebDriver"/>
  <testcase name="verifySidePanel" time="13.051" classname="com.keywordDriven.Practice.IDEToWebDriver"/>
</testsuite> <!-- com.keywordDriven.Practice.IDEToWebDriver -->
