<?xml version="1.0" encoding="UTF-8"?>
<!-- Generated by org.testng.reporters.JUnitReportReporter -->
<testsuite hostname="LAPTOP-8AB79GSA" name="testNG.Class2" tests="4" failures="0" timestamp="29 Jun 2016 17:32:09 GMT" time="0.008" errors="0">
  <testcase name="billPayment" time="0.002" classname="testNG.Class2"/>
  <testcase name="fundTransfer" time="0.002" classname="testNG.Class2"/>
  <testcase name="finalBalance" time="0.001" classname="testNG.Class2"/>
  <testcase name="accountSummary" time="0.003" classname="testNG.Class2"/>
</testsuite> <!-- testNG.Class2 -->
