<?xml version="1.0" encoding="UTF-8"?>
<!-- Generated by org.testng.reporters.JUnitReportReporter -->
<testsuite hostname="LAPTOP-8AB79GSA" name="com.link.getLinks.GetAllLinks" tests="1" failures="0" timestamp="19 Jul 2016 13:34:23 GMT" time="28.179" errors="0">
  <testcase name="checkAllLinks" time="28.179" classname="com.link.getLinks.GetAllLinks"/>
</testsuite> <!-- com.link.getLinks.GetAllLinks -->
