<?xml version="1.0" encoding="UTF-8"?>
<!-- Generated by org.testng.reporters.JUnitReportReporter -->
<testsuite hostname="LAPTOP-8AB79GSA" name="test.MainClass" tests="1" failures="0" timestamp="3 Feb 2017 12:41:20 GMT" time="56.966" errors="0">
  <testcase name="logInTest" time="56.966" classname="test.MainClass"/>
</testsuite> <!-- test.MainClass -->
