<?xml version="1.0" encoding="UTF-8"?>
<!-- Generated by org.testng.reporters.JUnitReportReporter -->
<testsuite hostname="LAPTOP-8AB79GSA" name="takeScreenshot.LogInPageMercuryTravels" tests="1" failures="0" timestamp="2 Jul 2016 06:59:43 GMT" time="18.738" errors="0">
  <testcase name="log" time="18.738" classname="takeScreenshot.LogInPageMercuryTravels"/>
</testsuite> <!-- takeScreenshot.LogInPageMercuryTravels -->
