<?xml version="1.0" encoding="UTF-8"?>
<!-- Generated by org.testng.reporters.JUnitReportReporter -->
<testsuite hostname="LAPTOP-8AB79GSA" name="com.mercuryTours.logIn.VerifyValidUser" tests="1" failures="0" timestamp="23 Oct 2016 22:48:18 GMT" time="21.322" errors="0">
  <testcase name="verifyUser" time="21.322" classname="com.mercuryTours.logIn.VerifyValidUser"/>
</testsuite> <!-- com.mercuryTours.logIn.VerifyValidUser -->
